2020-04-08 08:52:22.628 DEBUG [main] [Opencart.Pages.CurrencyOCpage] [the_user_clicks_on_currency_and_choose_currency] [Opencart.stepdefinition.CurrencySd.the_user_clicks_on_currency_and_choose_currency(CurrencySd.java:24)] - product selected
2020-04-08 08:52:25.720 DEBUG [main] [Opencart.Pages.CurrencyOCpage] [the_user_choose_the_product] [Opencart.stepdefinition.CurrencySd.the_user_choose_the_product(CurrencySd.java:31)] - currency clicked
2020-04-08 08:52:26.683 ERROR [main] [Opencart.Pages.CurrencyOCpage] [the_user_close_the_opencart] [Opencart.stepdefinition.CurrencySd.the_user_close_the_opencart(CurrencySd.java:38)] - page is closed
2020-04-08 11:52:18.379 INFO [main] [Opencart.stepdefinition.Selectprodsd] [user_opens_the_chrome_browser] [Opencart.stepdefinition.Selectprodsd.user_opens_the_chrome_browser(Selectprodsd.java:24)] - browser opens
2020-04-08 11:52:26.866 DEBUG [main] [Opencart.stepdefinition.Selectprodsd] [user_select_product] [Opencart.stepdefinition.Selectprodsd.user_select_product(Selectprodsd.java:32)] - product selected
2020-04-08 11:52:26.940 INFO [main] [Opencart.stepdefinition.Selectprodsd] [user_add_the_product_to_cart] [Opencart.stepdefinition.Selectprodsd.user_add_the_product_to_cart(Selectprodsd.java:39)] - product added
2020-04-08 11:52:27.465 ERROR [main] [Opencart.stepdefinition.Selectprodsd] [close_the_opencart_page] [Opencart.stepdefinition.Selectprodsd.close_the_opencart_page(Selectprodsd.java:46)] - page is closed
2020-04-08 12:04:01.468 DEBUG [main] [Opencart.Pages.CurrencyOCpage] [the_user_clicks_on_currency_and_choose_currency] [Opencart.stepdefinition.CurrencySd.the_user_clicks_on_currency_and_choose_currency(CurrencySd.java:25)] - product selected
2020-04-08 12:04:04.197 DEBUG [main] [Opencart.Pages.CurrencyOCpage] [the_user_choose_the_product] [Opencart.stepdefinition.CurrencySd.the_user_choose_the_product(CurrencySd.java:32)] - currency clicked
2020-04-08 12:04:04.649 ERROR [main] [Opencart.Pages.CurrencyOCpage] [the_user_close_the_opencart] [Opencart.stepdefinition.CurrencySd.the_user_close_the_opencart(CurrencySd.java:39)] - page is closed
2020-04-08 12:06:33.393 INFO [main] [Opencart.stepdefinition.Loginsd] [a_user_launch_the_browser] [Opencart.stepdefinition.Loginsd.a_user_launch_the_browser(Loginsd.java:28)] - browser opens
2020-04-08 12:06:35.266 DEBUG [main] [Opencart.stepdefinition.Loginsd] [the_user_opens_opencart_login_page] [Opencart.stepdefinition.Loginsd.the_user_opens_opencart_login_page(Loginsd.java:37)] - login page
2020-04-08 12:06:37.404 INFO [main] [Opencart.stepdefinition.Loginsd] [the_user_login_using_and] [Opencart.stepdefinition.Loginsd.the_user_login_using_and(Loginsd.java:45)] - sucessful login
2020-04-08 12:06:38.054 ERROR [main] [Opencart.stepdefinition.Loginsd] [the_user_close_the_login_page] [Opencart.stepdefinition.Loginsd.the_user_close_the_login_page(Loginsd.java:52)] - browser is closed
2020-04-08 12:21:29.263 INFO [main] [Opencart.stepdefinition.Selectprodsd] [user_opens_the_chrome_browser] [Opencart.stepdefinition.Selectprodsd.user_opens_the_chrome_browser(Selectprodsd.java:24)] - browser opens
2020-04-08 12:21:34.664 DEBUG [main] [Opencart.stepdefinition.Selectprodsd] [user_select_product] [Opencart.stepdefinition.Selectprodsd.user_select_product(Selectprodsd.java:32)] - product selected
2020-04-08 12:21:34.743 INFO [main] [Opencart.stepdefinition.Selectprodsd] [user_add_the_product_to_cart] [Opencart.stepdefinition.Selectprodsd.user_add_the_product_to_cart(Selectprodsd.java:39)] - product added
2020-04-08 12:21:35.224 ERROR [main] [Opencart.stepdefinition.Selectprodsd] [close_the_opencart_page] [Opencart.stepdefinition.Selectprodsd.close_the_opencart_page(Selectprodsd.java:46)] - page is closed
2020-04-08 12:25:51.963 INFO [main] [Opencart.stepdefinition.Searchsd] [launch_the_browser] [Opencart.stepdefinition.Searchsd.launch_the_browser(Searchsd.java:20)] - browser opens
2020-04-08 12:25:55.365 DEBUG [main] [Opencart.stepdefinition.Searchsd] [the_user_opens_the_opencart_search_page] [Opencart.stepdefinition.Searchsd.the_user_opens_the_opencart_search_page(Searchsd.java:28)] - product opened
2020-04-08 12:26:01.385 INFO [main] [Opencart.stepdefinition.Searchsd] [the_user_search_the_product] [Opencart.stepdefinition.Searchsd.the_user_search_the_product(Searchsd.java:36)] - product searched
2020-04-08 12:26:01.760 ERROR [main] [Opencart.stepdefinition.Searchsd] [the_user_close_the_search_page] [Opencart.stepdefinition.Searchsd.the_user_close_the_search_page(Searchsd.java:45)] - browser is closed
2020-04-08 12:26:27.000 INFO [main] [Opencart.stepdefinition.Specialssd] [the_user_to_open_browser_chrome] [Opencart.stepdefinition.Specialssd.the_user_to_open_browser_chrome(Specialssd.java:20)] - browser opens
2020-04-08 12:26:32.978 DEBUG [main] [Opencart.stepdefinition.Specialssd] [the_user_clicks_on_the_specials] [Opencart.stepdefinition.Specialssd.the_user_clicks_on_the_specials(Specialssd.java:27)] - Special selected
2020-04-08 12:26:36.048 INFO [main] [Opencart.stepdefinition.Specialssd] [the_user_will_see_the_specials_and_add_to_the_cart] [Opencart.stepdefinition.Specialssd.the_user_will_see_the_specials_and_add_to_the_cart(Specialssd.java:34)] - Specials added
2020-04-08 12:26:37.672 ERROR [main] [Opencart.stepdefinition.Specialssd] [the_user_close_the_site_and_browser] [Opencart.stepdefinition.Specialssd.the_user_close_the_site_and_browser(Specialssd.java:41)] - page is closed
2020-04-08 12:48:00.526 INFO [main] [Opencart.stepdefinition.Searchsd] [launch_the_browser] [Opencart.stepdefinition.Searchsd.launch_the_browser(Searchsd.java:20)] - browser opens
2020-04-08 12:49:13.963 INFO [main] [Opencart.stepdefinition.Searchsd] [launch_the_browser] [Opencart.stepdefinition.Searchsd.launch_the_browser(Searchsd.java:20)] - browser opens
2020-04-08 12:51:59.430 INFO [main] [Opencart.stepdefinition.Searchsd] [launch_the_browser] [Opencart.stepdefinition.Searchsd.launch_the_browser(Searchsd.java:20)] - browser opens
2020-04-08 12:54:40.874 INFO [main] [Opencart.stepdefinition.Specialssd] [the_user_to_open_browser_chrome] [Opencart.stepdefinition.Specialssd.the_user_to_open_browser_chrome(Specialssd.java:20)] - browser opens
2020-04-08 13:00:29.285 INFO [main] [Opencart.stepdefinition.Searchsd] [launch_the_browser] [Opencart.stepdefinition.Searchsd.launch_the_browser(Searchsd.java:20)] - browser opens
2020-04-08 13:07:14.627 INFO [main] [Opencart.stepdefinition.Searchsd] [launch_the_browser] [Opencart.stepdefinition.Searchsd.launch_the_browser(Searchsd.java:20)] - browser opens
2020-04-08 13:20:30.217 INFO [main] [Opencart.stepdefinition.Searchsd] [launch_the_browser] [Opencart.stepdefinition.Searchsd.launch_the_browser(Searchsd.java:20)] - browser opens
2020-04-08 13:20:30.368 DEBUG [main] [Opencart.stepdefinition.Searchsd] [the_user_opens_the_opencart_search_page] [Opencart.stepdefinition.Searchsd.the_user_opens_the_opencart_search_page(Searchsd.java:28)] - product opened
2020-04-08 13:20:32.602 INFO [main] [Opencart.stepdefinition.Searchsd] [the_user_search_the_product] [Opencart.stepdefinition.Searchsd.the_user_search_the_product(Searchsd.java:36)] - product searched
2020-04-08 13:20:33.036 ERROR [main] [Opencart.stepdefinition.Searchsd] [the_user_close_the_search_page] [Opencart.stepdefinition.Searchsd.the_user_close_the_search_page(Searchsd.java:45)] - browser is closed
2020-04-08 13:21:39.089 INFO [main] [Opencart.stepdefinition.Specialssd] [the_user_to_open_browser_chrome] [Opencart.stepdefinition.Specialssd.the_user_to_open_browser_chrome(Specialssd.java:20)] - browser opens
2020-04-08 13:21:41.155 DEBUG [main] [Opencart.stepdefinition.Specialssd] [the_user_clicks_on_the_specials] [Opencart.stepdefinition.Specialssd.the_user_clicks_on_the_specials(Specialssd.java:27)] - Special selected
2020-04-08 13:21:41.227 INFO [main] [Opencart.stepdefinition.Specialssd] [the_user_will_see_the_specials_and_add_to_the_cart] [Opencart.stepdefinition.Specialssd.the_user_will_see_the_specials_and_add_to_the_cart(Specialssd.java:34)] - Specials added
2020-04-08 13:21:41.807 ERROR [main] [Opencart.stepdefinition.Specialssd] [the_user_close_the_site_and_browser] [Opencart.stepdefinition.Specialssd.the_user_close_the_site_and_browser(Specialssd.java:41)] - page is closed
2020-04-08 15:17:48.450 DEBUG [main] [Opencart.Pages.Currency_OCpage] [the_user_clicks_on_currency_and_choose_currency] [Opencart.stepdefinition.CurrencySd.the_user_clicks_on_currency_and_choose_currency(CurrencySd.java:25)] - product selected
2020-04-08 15:17:53.217 DEBUG [main] [Opencart.Pages.Currency_OCpage] [the_user_choose_the_product] [Opencart.stepdefinition.CurrencySd.the_user_choose_the_product(CurrencySd.java:32)] - currency clicked
2020-04-08 15:17:53.677 ERROR [main] [Opencart.Pages.Currency_OCpage] [the_user_close_the_opencart] [Opencart.stepdefinition.CurrencySd.the_user_close_the_opencart(CurrencySd.java:39)] - page is closed
2020-04-08 16:05:44.863 INFO [main] [Opencart.stepdefinition.Searchsd] [launch_the_browser] [Opencart.stepdefinition.Searchsd.launch_the_browser(Searchsd.java:20)] - browser opens
2020-04-08 16:05:45.062 DEBUG [main] [Opencart.stepdefinition.Searchsd] [the_user_opens_the_opencart_search_page] [Opencart.stepdefinition.Searchsd.the_user_opens_the_opencart_search_page(Searchsd.java:28)] - product opened
2020-04-08 16:05:46.942 INFO [main] [Opencart.stepdefinition.Searchsd] [the_user_search_the_product] [Opencart.stepdefinition.Searchsd.the_user_search_the_product(Searchsd.java:36)] - product searched
2020-04-08 16:05:47.366 ERROR [main] [Opencart.stepdefinition.Searchsd] [the_user_close_the_search_page] [Opencart.stepdefinition.Searchsd.the_user_close_the_search_page(Searchsd.java:45)] - browser is closed
2020-04-08 16:12:33.199 INFO [main] [Opencart.stepdefinition.Loginsd] [a_user_launch_the_browser] [Opencart.stepdefinition.Loginsd.a_user_launch_the_browser(Loginsd.java:28)] - browser opens
2020-04-08 16:12:35.053 DEBUG [main] [Opencart.stepdefinition.Loginsd] [the_user_opens_opencart_login_page] [Opencart.stepdefinition.Loginsd.the_user_opens_opencart_login_page(Loginsd.java:37)] - login page
2020-04-08 16:12:37.732 INFO [main] [Opencart.stepdefinition.Loginsd] [the_user_login_using_and] [Opencart.stepdefinition.Loginsd.the_user_login_using_and(Loginsd.java:45)] - sucessful login
2020-04-08 16:12:38.168 ERROR [main] [Opencart.stepdefinition.Loginsd] [the_user_close_the_login_page] [Opencart.stepdefinition.Loginsd.the_user_close_the_login_page(Loginsd.java:52)] - browser is closed
2020-04-08 16:12:47.136 INFO [main] [Opencart.stepdefinition.Searchsd] [launch_the_browser] [Opencart.stepdefinition.Searchsd.launch_the_browser(Searchsd.java:20)] - browser opens
2020-04-08 16:12:47.381 DEBUG [main] [Opencart.stepdefinition.Searchsd] [the_user_opens_the_opencart_search_page] [Opencart.stepdefinition.Searchsd.the_user_opens_the_opencart_search_page(Searchsd.java:28)] - product opened
2020-04-08 16:12:49.265 INFO [main] [Opencart.stepdefinition.Searchsd] [the_user_search_the_product] [Opencart.stepdefinition.Searchsd.the_user_search_the_product(Searchsd.java:36)] - product searched
2020-04-08 16:12:49.698 ERROR [main] [Opencart.stepdefinition.Searchsd] [the_user_close_the_search_page] [Opencart.stepdefinition.Searchsd.the_user_close_the_search_page(Searchsd.java:45)] - browser is closed
2020-04-08 16:12:58.850 INFO [main] [Opencart.stepdefinition.Specialssd] [the_user_to_open_browser_chrome] [Opencart.stepdefinition.Specialssd.the_user_to_open_browser_chrome(Specialssd.java:20)] - browser opens
2020-04-08 16:13:04.471 DEBUG [main] [Opencart.stepdefinition.Specialssd] [the_user_clicks_on_the_specials] [Opencart.stepdefinition.Specialssd.the_user_clicks_on_the_specials(Specialssd.java:27)] - Special selected
2020-04-08 16:13:04.542 INFO [main] [Opencart.stepdefinition.Specialssd] [the_user_will_see_the_specials_and_add_to_the_cart] [Opencart.stepdefinition.Specialssd.the_user_will_see_the_specials_and_add_to_the_cart(Specialssd.java:34)] - Specials added
2020-04-08 16:13:05.061 ERROR [main] [Opencart.stepdefinition.Specialssd] [the_user_close_the_site_and_browser] [Opencart.stepdefinition.Specialssd.the_user_close_the_site_and_browser(Specialssd.java:41)] - page is closed
2020-04-08 16:13:14.693 INFO [main] [Opencart.stepdefinition.Selectprodsd] [user_opens_the_chrome_browser] [Opencart.stepdefinition.Selectprodsd.user_opens_the_chrome_browser(Selectprodsd.java:20)] - browser opens
2020-04-08 16:13:20.337 DEBUG [main] [Opencart.stepdefinition.Selectprodsd] [user_select_product] [Opencart.stepdefinition.Selectprodsd.user_select_product(Selectprodsd.java:28)] - product selected
2020-04-08 16:13:20.397 INFO [main] [Opencart.stepdefinition.Selectprodsd] [user_add_the_product_to_cart] [Opencart.stepdefinition.Selectprodsd.user_add_the_product_to_cart(Selectprodsd.java:35)] - product added
2020-04-08 16:13:20.834 ERROR [main] [Opencart.stepdefinition.Selectprodsd] [close_the_opencart_page] [Opencart.stepdefinition.Selectprodsd.close_the_opencart_page(Selectprodsd.java:42)] - page is closed
2020-04-08 16:13:52.362 DEBUG [main] [Opencart.Pages.Currency_OCpage] [the_user_clicks_on_currency_and_choose_currency] [Opencart.stepdefinition.CurrencySd.the_user_clicks_on_currency_and_choose_currency(CurrencySd.java:27)] - product selected
2020-04-08 16:13:54.874 DEBUG [main] [Opencart.Pages.Currency_OCpage] [the_user_choose_the_product] [Opencart.stepdefinition.CurrencySd.the_user_choose_the_product(CurrencySd.java:35)] - currency clicked
2020-04-08 16:13:55.324 ERROR [main] [Opencart.Pages.Currency_OCpage] [the_user_close_the_opencart] [Opencart.stepdefinition.CurrencySd.the_user_close_the_opencart(CurrencySd.java:43)] - page is closed
